

Processing Rails::InfoController#properties (for 127.0.0.1 at 2009-06-13 12:09:39) [GET]
  [4;36;1mSQL (0.5ms)[0m   [0;1m SELECT name
 FROM sqlite_master
 WHERE type = 'table' AND NOT name = 'sqlite_sequence'
[0m
Completed in 113ms (View: 19, DB: 0) | 200 OK [http://localhost/rails/info/properties]
  [4;36;1mSQL (0.2ms)[0m   [0;1m SELECT name
 FROM sqlite_master
 WHERE type = 'table' AND NOT name = 'sqlite_sequence'
[0m
  [4;35;1mSQL (0.1ms)[0m   [0mselect sqlite_version(*)[0m
  [4;36;1mSQL (2.4ms)[0m   [0;1mCREATE TABLE "schema_migrations" ("version" varchar(255) NOT NULL) [0m
  [4;35;1mSQL (2.0ms)[0m   [0mCREATE UNIQUE INDEX "unique_schema_migrations" ON "schema_migrations" ("version")[0m
  [4;36;1mSQL (0.2ms)[0m   [0;1m SELECT name
 FROM sqlite_master
 WHERE type = 'table' AND NOT name = 'sqlite_sequence'
[0m
  [4;35;1mSQL (0.1ms)[0m   [0mSELECT version FROM schema_migrations[0m
Migrating to CreateTopics (20090613205022)
  [4;36;1mSQL (0.5ms)[0m   [0;1mCREATE TABLE "topics" ("id" INTEGER PRIMARY KEY AUTOINCREMENT NOT NULL, "title" varchar(255), "description" text, "created_at" datetime, "updated_at" datetime) [0m
  [4;35;1mSQL (0.1ms)[0m   [0mINSERT INTO schema_migrations (version) VALUES ('20090613205022')[0m
  [4;36;1mSQL (0.3ms)[0m   [0;1m SELECT name
 FROM sqlite_master
 WHERE type = 'table' AND NOT name = 'sqlite_sequence'
[0m
  [4;35;1mSQL (0.2ms)[0m   [0mSELECT version FROM schema_migrations[0m
  [4;36;1mSQL (0.2ms)[0m   [0;1m SELECT name
 FROM sqlite_master
 WHERE type = 'table' AND NOT name = 'sqlite_sequence'
[0m
  [4;35;1mSQL (0.1ms)[0m   [0mPRAGMA index_list("topics")[0m


Processing TopicsController#index (for 127.0.0.1 at 2009-06-13 13:53:04) [GET]
  [4;36;1mTopic Load (0.4ms)[0m   [0;1mSELECT * FROM "topics" [0m
Rendering template within layouts/topics
Rendering topics/index
Completed in 64ms (View: 60, DB: 0) | 200 OK [http://localhost/topics]


Processing TopicsController#new (for 127.0.0.1 at 2009-06-13 13:53:06) [GET]
Rendering template within layouts/topics
Rendering topics/new
Completed in 52ms (View: 45, DB: 0) | 200 OK [http://localhost/topics/new]


Processing TopicsController#create (for 127.0.0.1 at 2009-06-13 13:53:41) [POST]
  Parameters: {"commit"=>"Create", "authenticity_token"=>"eA3uCrG88Yy1lMYcZppCofES55quom2OQKGD1bUrqbI=", "topic"=>{"title"=>"Watermelon Eating", "description"=>"Techniques for eating watermelons. "}}
  [4;35;1mTopic Create (0.7ms)[0m   [0mINSERT INTO "topics" ("updated_at", "title", "description", "created_at") VALUES('2009-06-13 20:53:41', 'Watermelon Eating', 'Techniques for eating watermelons. ', '2009-06-13 20:53:41')[0m
Redirected to http://localhost:3000/topics/1
Completed in 46ms (DB: 1) | 302 Found [http://localhost/topics]


Processing TopicsController#show (for 127.0.0.1 at 2009-06-13 13:53:41) [GET]
  Parameters: {"id"=>"1"}
  [4;36;1mTopic Load (0.2ms)[0m   [0;1mSELECT * FROM "topics" WHERE ("topics"."id" = 1) [0m
Rendering template within layouts/topics
Rendering topics/show
Completed in 9ms (View: 5, DB: 0) | 200 OK [http://localhost/topics/1]


Processing TopicsController#index (for 127.0.0.1 at 2009-06-13 13:53:58) [GET]
  [4;35;1mTopic Load (0.6ms)[0m   [0mSELECT * FROM "topics" [0m
Rendering template within layouts/topics
Rendering topics/index
Completed in 11ms (View: 4, DB: 1) | 200 OK [http://localhost/topics]


Processing TopicsController#show (for 127.0.0.1 at 2009-06-13 13:54:01) [GET]
  Parameters: {"id"=>"1"}
  [4;36;1mTopic Load (0.3ms)[0m   [0;1mSELECT * FROM "topics" WHERE ("topics"."id" = 1) [0m
Rendering template within layouts/topics
Rendering topics/show
Completed in 10ms (View: 3, DB: 0) | 200 OK [http://localhost/topics/1]


Processing TopicsController#edit (for 127.0.0.1 at 2009-06-13 13:54:06) [GET]
  Parameters: {"id"=>"1"}
  [4;35;1mTopic Load (0.2ms)[0m   [0mSELECT * FROM "topics" WHERE ("topics"."id" = 1) [0m
Rendering template within layouts/topics
Rendering topics/edit
Completed in 10ms (View: 6, DB: 0) | 200 OK [http://localhost/topics/1/edit]


Processing TopicsController#new (for 127.0.0.1 at 2009-06-13 13:54:26) [GET]
Rendering template within layouts/topics
Rendering topics/new
Completed in 11ms (View: 4, DB: 0) | 200 OK [http://localhost/topics/new]


Processing TopicsController#create (for 127.0.0.1 at 2009-06-13 13:54:31) [POST]
  Parameters: {"commit"=>"Create", "authenticity_token"=>"eA3uCrG88Yy1lMYcZppCofES55quom2OQKGD1bUrqbI=", "topic"=>{"title"=>"hjhk", "description"=>"hjkhjk"}}
  [4;36;1mTopic Create (0.4ms)[0m   [0;1mINSERT INTO "topics" ("updated_at", "title", "description", "created_at") VALUES('2009-06-13 20:54:31', 'hjhk', 'hjkhjk', '2009-06-13 20:54:31')[0m
Redirected to http://localhost:3000/topics/2
Completed in 13ms (DB: 0) | 302 Found [http://localhost/topics]


Processing TopicsController#show (for 127.0.0.1 at 2009-06-13 13:54:31) [GET]
  Parameters: {"id"=>"2"}
  [4;35;1mTopic Load (0.2ms)[0m   [0mSELECT * FROM "topics" WHERE ("topics"."id" = 2) [0m
Rendering template within layouts/topics
Rendering topics/show
Completed in 6ms (View: 2, DB: 0) | 200 OK [http://localhost/topics/2]


Processing TopicsController#edit (for 127.0.0.1 at 2009-06-13 13:54:35) [GET]
  Parameters: {"id"=>"2"}
  [4;36;1mTopic Load (0.2ms)[0m   [0;1mSELECT * FROM "topics" WHERE ("topics"."id" = 2) [0m
Rendering template within layouts/topics
Rendering topics/edit
Completed in 44ms (View: 3, DB: 0) | 200 OK [http://localhost/topics/2/edit]


Processing TopicsController#index (for 127.0.0.1 at 2009-06-13 13:54:38) [GET]
  [4;35;1mTopic Load (0.7ms)[0m   [0mSELECT * FROM "topics" [0m
Rendering template within layouts/topics
Rendering topics/index
Completed in 12ms (View: 6, DB: 1) | 200 OK [http://localhost/topics]


Processing TopicsController#destroy (for 127.0.0.1 at 2009-06-13 13:54:44) [DELETE]
  Parameters: {"authenticity_token"=>"eA3uCrG88Yy1lMYcZppCofES55quom2OQKGD1bUrqbI=", "id"=>"2"}
  [4;36;1mTopic Load (0.2ms)[0m   [0;1mSELECT * FROM "topics" WHERE ("topics"."id" = 2) [0m
  [4;35;1mTopic Destroy (0.3ms)[0m   [0mDELETE FROM "topics" WHERE "id" = 2[0m
Redirected to http://localhost:3000/topics
Completed in 8ms (DB: 0) | 302 Found [http://localhost/topics/2]


Processing TopicsController#index (for 127.0.0.1 at 2009-06-13 13:54:44) [GET]
  [4;36;1mTopic Load (0.4ms)[0m   [0;1mSELECT * FROM "topics" [0m
Rendering template within layouts/topics
Rendering topics/index
Completed in 8ms (View: 4, DB: 0) | 200 OK [http://localhost/topics]


Processing TopicsController#index (for 127.0.0.1 at 2009-06-13 13:54:53) [GET]
  [4;35;1mTopic Load (0.6ms)[0m   [0mSELECT * FROM "topics" [0m
Rendering template within layouts/topics
Rendering topics/index
Completed in 12ms (View: 5, DB: 1) | 200 OK [http://localhost/topics]
